INFO - Reading AB050936v1 from cache...
INFO - Reading NC_001608v3 from cache...
INFO - Reading NC_024781v1 from cache...
INFO - Processing block 0...
INFO - Processing block 1...
INFO - Processing block 2...
INFO - Processing block 3...
INFO - Processing block 4...
INFO - Processing block 5...
INFO - Processing block 6...
INFO - Processing block 7...
INFO - Processing block 8...
INFO - Processing block 9...
INFO - Processing block 10...
INFO - Processing block 11...
INFO - Processing block 12...
INFO - Processing block 13...
INFO - Processing block 14...
INFO - Processing block 15...
INFO - Processing block 16...
INFO - Reading FJ217161v1 from cache...
INFO - Reading KC545393v1 from cache...
INFO - Reading KC545394v1 from cache...
INFO - Reading KC545395v1 from cache...
INFO - Reading KC545396v1 from cache...
INFO - Reading NC_014373v1 from cache...
INFO - Reading AY729654v1 from cache...
INFO - Reading JQ352763v1 from cache...
INFO - Reading KC545389v1 from cache...
INFO - Reading KC545390v1 from cache...
INFO - Reading KC545391v1 from cache...
INFO - Reading KC545392v1 from cache...
INFO - Reading KC589025v1 from cache...
INFO - Reading NC_006432v1 from cache...
INFO - Processing block 17...
INFO - Processing block 18...
INFO - Reading FJ217162v1 from cache...
INFO - Reading NC_014372v1 from cache...
INFO - Processing block 19...
INFO - Processing block 20...
INFO - Processing block 21...
INFO - Processing block 22...
INFO - Processing block 23...
INFO - Processing block 24...
INFO - Processing block 25...
INFO - Processing block 26...
INFO - Processing block 27...
INFO - Processing block 28...
INFO - Processing block 29...
INFO - Processing block 30...
INFO - Reading AF522874v1 from cache...
INFO - Reading AY769362v1 from cache...
INFO - Reading FJ621583v1 from cache...
INFO - Reading FJ621584v1 from cache...
INFO - Reading FJ621585v1 from cache...
INFO - Reading JX477165v1 from cache...
INFO - Reading JX477166v1 from cache...
INFO - Reading NC_004161v1 from cache...
INFO - Reading EU338380v1 from cache...
INFO - Reading FJ968794v1 from cache...
INFO - Reading KC242783v2 from cache...
INFO - Processing block 31...
INFO - Processing block 32...
INFO - Processing block 33...
INFO - Processing block 34...
INFO - Processing block 35...
INFO - Processing block 36...
INFO - Processing block 37...
INFO - Processing block 38...
INFO - Processing block 39...
INFO - Processing block 40...
INFO - Processing block 41...
INFO - Processing block 42...
INFO - Processing block 43...
INFO - Processing block 44...
INFO - Reading JN638998v1 from cache...
INFO - Processing block 45...
INFO - Processing block 46...
INFO - Processing block 47...
INFO - Processing block 48...
INFO - Processing block 49...
INFO - Processing block 50...
INFO - Processing block 51...
INFO - Reading KM034563v1 from cache...
INFO - Processing block 52...
INFO - Processing block 53...
INFO - Processing block 54...
INFO - Processing block 55...
INFO - Processing block 56...
INFO - Processing block 57...
INFO - Processing block 58...
INFO - Processing block 59...
INFO - Processing block 60...
INFO - Processing block 61...
INFO - Processing block 62...
INFO - Processing block 63...
INFO - Processing block 64...
INFO - Processing block 65...
INFO - Processing block 66...
INFO - Processing block 67...
INFO - Processing block 68...
INFO - Processing block 69...
INFO - Processing block 70...
INFO - Processing block 71...
INFO - Processing block 72...
INFO - Processing block 73...
INFO - Processing block 74...
INFO - Processing block 75...
INFO - Processing block 76...
INFO - Processing block 77...
INFO - Processing block 78...
INFO - Processing block 79...
INFO - Processing block 80...
INFO - Processing block 81...
INFO - Processing block 82...
INFO - Processing block 83...
INFO - Processing block 84...
INFO - Processing block 85...
INFO - Processing block 86...
INFO - Processing block 87...
INFO - Processing block 88...
INFO - Processing block 89...
INFO - Processing block 90...
INFO - Processing block 91...
INFO - Processing block 92...
INFO - Processing block 93...
INFO - Processing block 94...
INFO - Processing block 95...
INFO - Processing block 96...
INFO - Processing block 97...
INFO - Processing block 98...
INFO - Processing block 99...
INFO - Processing block 100...
INFO - Processing block 101...
INFO - Processing block 102...
INFO - Processing block 103...
INFO - Processing block 104...
INFO - Processing block 105...
INFO - Processing block 106...
INFO - Processing block 107...
INFO - Processing block 108...
INFO - Processing block 109...
INFO - Processing block 110...
INFO - Processing block 111...
INFO - Processing block 112...
INFO - Processing block 113...
INFO - Processing block 114...
INFO - Processing block 115...
INFO - Reading KM034549v1 from cache...
INFO - Reading KM034550v1 from cache...
INFO - Processing block 116...
INFO - Processing block 117...
INFO - Processing block 118...
INFO - Processing block 119...
INFO - Processing block 120...
INFO - Processing block 121...
INFO - Processing block 122...
INFO - Processing block 123...
INFO - Processing block 124...
INFO - Processing block 125...
INFO - Processing block 126...
INFO - Processing block 127...
INFO - Processing block 128...
INFO - Processing block 129...
INFO - Processing block 130...
INFO - Processing block 131...
INFO - Processing block 132...
INFO - Processing block 133...
INFO - Processing block 134...
INFO - Processing block 135...
INFO - Processing block 136...
INFO - Processing block 137...
INFO - Processing block 138...
INFO - Processing block 139...
INFO - Processing block 140...
INFO - Processing block 141...
INFO - Processing block 142...
INFO - Processing block 143...
INFO - Processing block 144...
INFO - Processing block 145...
INFO - Processing block 146...
INFO - Processing block 147...
INFO - Processing block 148...
INFO - Processing block 149...
INFO - Processing block 150...
INFO - Processing block 151...
INFO - Processing block 152...
INFO - Processing block 153...
INFO - Processing block 154...
INFO - Processing block 155...
INFO - Processing block 156...
INFO - Processing block 157...
INFO - Processing block 158...
INFO - Processing block 159...
INFO - Processing block 160...
INFO - Processing block 161...
INFO - Processing block 162...
INFO - Processing block 163...
INFO - Processing block 164...
INFO - Processing block 165...
INFO - Processing block 166...
INFO - Processing block 167...
INFO - Processing block 168...
INFO - Processing block 169...
INFO - Reading KM233103v1 from cache...
INFO - Reading AF499101v1 from cache...
INFO - Reading KM233063v1 from cache...
INFO - Reading EU224440v2 from cache...
INFO - Reading KM034557v1 from cache...
INFO - Reading AY142960v1 from cache...
INFO - Reading KM233039v1 from cache...
INFO - Reading KC242790v1 from cache...
INFO - Reading KC242784v1 from cache...
INFO - Reading KM233113v1 from cache...
INFO - Reading KM233106v1 from cache...
INFO - Reading KC242797v1 from cache...
INFO - Reading KJ660347v2 from cache...
INFO - Reading KM034560v1 from cache...
INFO - Reading KC242791v1 from cache...
INFO - Reading KM233054v1 from cache...
INFO - Reading KM233070v1 from cache...
INFO - Reading KC242799v1 from cache...
INFO - Reading KM233053v1 from cache...
INFO - Reading KM233109v1 from cache...
INFO - Reading KC242786v1 from cache...
INFO - Reading KC242793v1 from cache...
INFO - Reading KC242798v1 from cache...
INFO - Reading AF086833v2 from cache...
INFO - Reading KM034555v1 from cache...
INFO - Reading NC_002549v1 from cache...
INFO - Reading KM233044v1 from cache...
INFO - Reading AY354458v1 from cache...
INFO - Reading KC242788v1 from cache...
INFO - Reading KC242795v1 from cache...
INFO - Reading KC242792v1 from cache...
INFO - Reading KC242800v1 from cache...
INFO - Reading KM233112v1 from cache...
INFO - Reading KM233038v1 from cache...
INFO - Reading KM233097v1 from cache...
INFO - Reading KM233102v1 from cache...
INFO - Reading AF272001v1 from cache...
INFO - Reading KM233105v1 from cache...
INFO - Reading KM233099v1 from cache...
INFO - Reading KM233057v1 from cache...
INFO - Reading KM233069v1 from cache...
INFO - Reading KJ660346v2 from cache...
INFO - Reading KM233098v1 from cache...
INFO - Reading KC242789v1 from cache...
INFO - Reading KM233056v1 from cache...
INFO - Reading KM233108v1 from cache...
INFO - Reading KC242785v1 from cache...
INFO - Reading KM233037v1 from cache...
INFO - Reading KJ660348v2 from cache...
INFO - Reading KC242794v1 from cache...
INFO - Reading KC242801v1 from cache...
INFO - Reading KC242796v1 from cache...
INFO - Reading KC242787v1 from cache...
INFO - Reading KM233110v1 from cache...
INFO - Simple consensus generation started.
INFO - Run poa! Input: /home/meoke/PycharmProjects/poapangenome/output/_05_18__17_14_07/consensus/simple_tree_in_pangenome.po Output: /home/meoke/PycharmProjects/poapangenome/output/_05_18__17_14_07/consensus/simple_tree_out_pangenome.po...
INFO - Poa output: ...Read 160 sequences from MSA file /home/meoke/PycharmProjects/poapangenome/output/_05_18__17_14_07/consensus/simple_tree_in_pangenome.po...
*** WARNING: bundling ended prematurely after 7 bundles.
No sequences fit inside this last bundle.
A total of 157 sequences incuding consensus were bundled.

...Wrote 167 sequences to PO file /home/meoke/PycharmProjects/poapangenome/output/_05_18__17_14_07/consensus/simple_tree_out_pangenome.po...

