INFO - Consensuses Tree generation started.
INFO - Getting the root consensus node...
INFO - Run poa! Input: pangtreebuild/output/_07_23__00_30_08/consensus/root_in_pangenome.po Output: pangtreebuild/output/_07_23__00_30_08/consensus/root_out_pangenome.po...
INFO - Poa output: ...Read 6 sequences from MSA file pangtreebuild/output/_07_23__00_30_08/consensus/root_in_pangenome.po...
*** WARNING: bundling ended prematurely after 1 bundles.
No sequences fit inside this last bundle.
A total of 6 sequences incuding consensus were bundled.

...Wrote 7 sequences to PO file pangtreebuild/output/_07_23__00_30_08/consensus/root_out_pangenome.po...

INFO - New consensus node created: ID: 0, parentID: None, children: [], mincomp: 0.10526315789473684, path length: 18, sequences ids: [seq5, seq1, seq4, seq0, seq2, seq3].
INFO - Getting children nodes for consensus node 0...
INFO - ### Getting child 0...
INFO - Run poa! Input: pangtreebuild/output/_07_23__00_30_08/consensus/parent_0_child_0_attempt_0_in_pangenome.po Output: pangtreebuild/output/_07_23__00_30_08/consensus/parent_0_child_0_attempt_0_out_pangenome.po...
INFO - Poa output: ...Read 6 sequences from MSA file pangtreebuild/output/_07_23__00_30_08/consensus/parent_0_child_0_attempt_0_in_pangenome.po...
*** WARNING: bundling ended prematurely after 1 bundles.
No sequences fit inside this last bundle.
A total of 6 sequences incuding consensus were bundled.

...Wrote 7 sequences to PO file pangtreebuild/output/_07_23__00_30_08/consensus/parent_0_child_0_attempt_0_out_pangenome.po...

INFO - 4 sequences ([seq1, seq0, seq2, seq3] are qualified to be enclosed in this node, mincomp = 0.6666666666666666.
INFO - Run poa! Input: pangtreebuild/output/_07_23__00_30_08/consensus/parent_0_child_0_attempt_1_in_pangenome.po Output: pangtreebuild/output/_07_23__00_30_08/consensus/parent_0_child_0_attempt_1_out_pangenome.po...
INFO - Poa output: ...Read 4 sequences from MSA file pangtreebuild/output/_07_23__00_30_08/consensus/parent_0_child_0_attempt_1_in_pangenome.po...
*** WARNING: bundling ended prematurely after 1 bundles.
No sequences fit inside this last bundle.
A total of 4 sequences incuding consensus were bundled.

...Wrote 5 sequences to PO file pangtreebuild/output/_07_23__00_30_08/consensus/parent_0_child_0_attempt_1_out_pangenome.po...

INFO - 4 sequences ([seq1, seq0, seq2, seq3] are qualified to be enclosed in this node, mincomp = 0.6111111111111112.
INFO - ### Getting child 1...
INFO - Run poa! Input: pangtreebuild/output/_07_23__00_30_08/consensus/parent_0_child_1_attempt_0_in_pangenome.po Output: pangtreebuild/output/_07_23__00_30_08/consensus/parent_0_child_1_attempt_0_out_pangenome.po...
INFO - Poa output: ...Read 2 sequences from MSA file pangtreebuild/output/_07_23__00_30_08/consensus/parent_0_child_1_attempt_0_in_pangenome.po...
*** WARNING: bundling ended prematurely after 1 bundles.
No sequences fit inside this last bundle.
A total of 2 sequences incuding consensus were bundled.

...Wrote 3 sequences to PO file pangtreebuild/output/_07_23__00_30_08/consensus/parent_0_child_1_attempt_0_out_pangenome.po...

INFO - 2 sequences ([seq5, seq4] are qualified to be enclosed in this node, mincomp = 0.7368421052631579.
INFO - Children nodes generated.
INFO - Getting children nodes for consensus node 2...
INFO - ### Getting child 0...
INFO - Run poa! Input: pangtreebuild/output/_07_23__00_30_08/consensus/parent_2_child_0_attempt_0_in_pangenome.po Output: pangtreebuild/output/_07_23__00_30_08/consensus/parent_2_child_0_attempt_0_out_pangenome.po...
INFO - Poa output: ...Read 2 sequences from MSA file pangtreebuild/output/_07_23__00_30_08/consensus/parent_2_child_0_attempt_0_in_pangenome.po...
*** WARNING: bundling ended prematurely after 1 bundles.
No sequences fit inside this last bundle.
A total of 2 sequences incuding consensus were bundled.

...Wrote 3 sequences to PO file pangtreebuild/output/_07_23__00_30_08/consensus/parent_2_child_0_attempt_0_out_pangenome.po...

INFO - 1 sequences ([seq5] are qualified to be enclosed in this node, mincomp = 1.0.
INFO - Run poa! Input: pangtreebuild/output/_07_23__00_30_08/consensus/parent_2_child_0_attempt_1_in_pangenome.po Output: pangtreebuild/output/_07_23__00_30_08/consensus/parent_2_child_0_attempt_1_out_pangenome.po...
INFO - Poa output: ...Read 1 sequences from MSA file pangtreebuild/output/_07_23__00_30_08/consensus/parent_2_child_0_attempt_1_in_pangenome.po...
*** WARNING: bundling ended prematurely after 1 bundles.
No sequences fit inside this last bundle.
A total of 1 sequences incuding consensus were bundled.

...Wrote 2 sequences to PO file pangtreebuild/output/_07_23__00_30_08/consensus/parent_2_child_0_attempt_1_out_pangenome.po...

INFO - 1 sequences ([seq5] are qualified to be enclosed in this node, mincomp = 1.0.
INFO - ### Getting child 1...
INFO - Run poa! Input: pangtreebuild/output/_07_23__00_30_08/consensus/parent_2_child_1_attempt_0_in_pangenome.po Output: pangtreebuild/output/_07_23__00_30_08/consensus/parent_2_child_1_attempt_0_out_pangenome.po...
INFO - Poa output: ...Read 1 sequences from MSA file pangtreebuild/output/_07_23__00_30_08/consensus/parent_2_child_1_attempt_0_in_pangenome.po...
*** WARNING: bundling ended prematurely after 1 bundles.
No sequences fit inside this last bundle.
A total of 1 sequences incuding consensus were bundled.

...Wrote 2 sequences to PO file pangtreebuild/output/_07_23__00_30_08/consensus/parent_2_child_1_attempt_0_out_pangenome.po...

INFO - 1 sequences ([seq4] are qualified to be enclosed in this node, mincomp = 1.0.
INFO - Children nodes generated.
INFO - Node 3 satisfied requirements and won't be split!
INFO - Node 4 satisfied requirements and won't be split!
INFO - Getting children nodes for consensus node 1...
INFO - ### Getting child 0...
INFO - Run poa! Input: pangtreebuild/output/_07_23__00_30_08/consensus/parent_1_child_0_attempt_0_in_pangenome.po Output: pangtreebuild/output/_07_23__00_30_08/consensus/parent_1_child_0_attempt_0_out_pangenome.po...
INFO - Poa output: ...Read 4 sequences from MSA file pangtreebuild/output/_07_23__00_30_08/consensus/parent_1_child_0_attempt_0_in_pangenome.po...
*** WARNING: bundling ended prematurely after 1 bundles.
No sequences fit inside this last bundle.
A total of 4 sequences incuding consensus were bundled.

...Wrote 5 sequences to PO file pangtreebuild/output/_07_23__00_30_08/consensus/parent_1_child_0_attempt_0_out_pangenome.po...

INFO - 3 sequences ([seq1, seq0, seq2] are qualified to be enclosed in this node, mincomp = 0.8888888888888888.
INFO - Run poa! Input: pangtreebuild/output/_07_23__00_30_08/consensus/parent_1_child_0_attempt_1_in_pangenome.po Output: pangtreebuild/output/_07_23__00_30_08/consensus/parent_1_child_0_attempt_1_out_pangenome.po...
INFO - Poa output: ...Read 3 sequences from MSA file pangtreebuild/output/_07_23__00_30_08/consensus/parent_1_child_0_attempt_1_in_pangenome.po...
*** WARNING: bundling ended prematurely after 1 bundles.
No sequences fit inside this last bundle.
A total of 3 sequences incuding consensus were bundled.

...Wrote 4 sequences to PO file pangtreebuild/output/_07_23__00_30_08/consensus/parent_1_child_0_attempt_1_out_pangenome.po...

INFO - 3 sequences ([seq1, seq0, seq2] are qualified to be enclosed in this node, mincomp = 0.8888888888888888.
INFO - ### Getting child 1...
INFO - Run poa! Input: pangtreebuild/output/_07_23__00_30_08/consensus/parent_1_child_1_attempt_0_in_pangenome.po Output: pangtreebuild/output/_07_23__00_30_08/consensus/parent_1_child_1_attempt_0_out_pangenome.po...
INFO - Poa output: ...Read 1 sequences from MSA file pangtreebuild/output/_07_23__00_30_08/consensus/parent_1_child_1_attempt_0_in_pangenome.po...
*** WARNING: bundling ended prematurely after 1 bundles.
No sequences fit inside this last bundle.
A total of 1 sequences incuding consensus were bundled.

...Wrote 2 sequences to PO file pangtreebuild/output/_07_23__00_30_08/consensus/parent_1_child_1_attempt_0_out_pangenome.po...

INFO - 1 sequences ([seq3] are qualified to be enclosed in this node, mincomp = 1.0.
INFO - Children nodes generated.
INFO - Node 6 satisfied requirements and won't be split!
INFO - Getting children nodes for consensus node 5...
INFO - ### Getting child 0...
INFO - Run poa! Input: pangtreebuild/output/_07_23__00_30_08/consensus/parent_5_child_0_attempt_0_in_pangenome.po Output: pangtreebuild/output/_07_23__00_30_08/consensus/parent_5_child_0_attempt_0_out_pangenome.po...
INFO - Poa output: ...Read 3 sequences from MSA file pangtreebuild/output/_07_23__00_30_08/consensus/parent_5_child_0_attempt_0_in_pangenome.po...
*** WARNING: bundling ended prematurely after 1 bundles.
No sequences fit inside this last bundle.
A total of 3 sequences incuding consensus were bundled.

...Wrote 4 sequences to PO file pangtreebuild/output/_07_23__00_30_08/consensus/parent_5_child_0_attempt_0_out_pangenome.po...

INFO - 1 sequences ([seq0] are qualified to be enclosed in this node, mincomp = 0.9444444444444444.
INFO - Run poa! Input: pangtreebuild/output/_07_23__00_30_08/consensus/parent_5_child_0_attempt_1_in_pangenome.po Output: pangtreebuild/output/_07_23__00_30_08/consensus/parent_5_child_0_attempt_1_out_pangenome.po...
INFO - Poa output: ...Read 1 sequences from MSA file pangtreebuild/output/_07_23__00_30_08/consensus/parent_5_child_0_attempt_1_in_pangenome.po...
*** WARNING: bundling ended prematurely after 1 bundles.
No sequences fit inside this last bundle.
A total of 1 sequences incuding consensus were bundled.

...Wrote 2 sequences to PO file pangtreebuild/output/_07_23__00_30_08/consensus/parent_5_child_0_attempt_1_out_pangenome.po...

INFO - 1 sequences ([seq0] are qualified to be enclosed in this node, mincomp = 1.0.
INFO - ### Getting child 1...
INFO - Run poa! Input: pangtreebuild/output/_07_23__00_30_08/consensus/parent_5_child_1_attempt_0_in_pangenome.po Output: pangtreebuild/output/_07_23__00_30_08/consensus/parent_5_child_1_attempt_0_out_pangenome.po...
INFO - Poa output: ...Read 2 sequences from MSA file pangtreebuild/output/_07_23__00_30_08/consensus/parent_5_child_1_attempt_0_in_pangenome.po...
*** WARNING: bundling ended prematurely after 1 bundles.
No sequences fit inside this last bundle.
A total of 2 sequences incuding consensus were bundled.

...Wrote 3 sequences to PO file pangtreebuild/output/_07_23__00_30_08/consensus/parent_5_child_1_attempt_0_out_pangenome.po...

INFO - 1 sequences ([seq1] are qualified to be enclosed in this node, mincomp = 1.0.
INFO - Run poa! Input: pangtreebuild/output/_07_23__00_30_08/consensus/parent_5_child_1_attempt_1_in_pangenome.po Output: pangtreebuild/output/_07_23__00_30_08/consensus/parent_5_child_1_attempt_1_out_pangenome.po...
INFO - Poa output: ...Read 1 sequences from MSA file pangtreebuild/output/_07_23__00_30_08/consensus/parent_5_child_1_attempt_1_in_pangenome.po...
*** WARNING: bundling ended prematurely after 1 bundles.
No sequences fit inside this last bundle.
A total of 1 sequences incuding consensus were bundled.

...Wrote 2 sequences to PO file pangtreebuild/output/_07_23__00_30_08/consensus/parent_5_child_1_attempt_1_out_pangenome.po...

INFO - 1 sequences ([seq1] are qualified to be enclosed in this node, mincomp = 1.0.
INFO - ### Getting child 2...
INFO - Run poa! Input: pangtreebuild/output/_07_23__00_30_08/consensus/parent_5_child_2_attempt_0_in_pangenome.po Output: pangtreebuild/output/_07_23__00_30_08/consensus/parent_5_child_2_attempt_0_out_pangenome.po...
INFO - Poa output: ...Read 1 sequences from MSA file pangtreebuild/output/_07_23__00_30_08/consensus/parent_5_child_2_attempt_0_in_pangenome.po...
*** WARNING: bundling ended prematurely after 1 bundles.
No sequences fit inside this last bundle.
A total of 1 sequences incuding consensus were bundled.

...Wrote 2 sequences to PO file pangtreebuild/output/_07_23__00_30_08/consensus/parent_5_child_2_attempt_0_out_pangenome.po...

INFO - 1 sequences ([seq2] are qualified to be enclosed in this node, mincomp = 1.0.
INFO - Children nodes generated.
INFO - Node 7 satisfied requirements and won't be split!
INFO - Node 8 satisfied requirements and won't be split!
INFO - Node 9 satisfied requirements and won't be split!
INFO - Consensuses Tree generation finished.

