INFO - Processing block 0...
INFO - Processing block 1...
INFO - Processing block 2...
INFO - Consensuses Tree generation started.
INFO - Getting the root consensus node...
INFO - Run poa! Input: root_in_pangenome.po Output: root_out_pangenome.po...
INFO - Poa output: ...Read 6 sequences from MSA file /home/meoke/PycharmProjects/pangtreebuild/output/_05_30__01_21_06/consensus/root_in_pangenome.po...
*** WARNING: bundling ended prematurely after 1 bundles.
No sequences fit inside this last bundle.
A total of 6 sequences incuding consensus were bundled.

...Wrote 7 sequences to PO file /home/meoke/PycharmProjects/pangtreebuild/output/_05_30__01_21_06/consensus/root_out_pangenome.po...

INFO - New consensus node created: ID: 0, parentID: None, children: [], mincomp: 0.10526315789473684, path length: 18, sequences ids: [seq1, seq3, seq2, seq0, seq4, seq5].
INFO - Getting children nodes for consensus node 0...
INFO - ### Getting child 0...
INFO - Run poa! Input: 0_0_all_in_pangenome.po Output: 0_0_all_out_pangenome.po...
INFO - Poa output: ...Read 6 sequences from MSA file /home/meoke/PycharmProjects/pangtreebuild/output/_05_30__01_21_06/consensus/0_0_all_in_pangenome.po...
*** WARNING: bundling ended prematurely after 1 bundles.
No sequences fit inside this last bundle.
A total of 6 sequences incuding consensus were bundled.

...Wrote 7 sequences to PO file /home/meoke/PycharmProjects/pangtreebuild/output/_05_30__01_21_06/consensus/0_0_all_out_pangenome.po...

INFO - Minimum compatibility of sequences chosen for generating the best consensus: 0.6666666666666666.
INFO - Run poa! Input: 0_0_max_in_pangenome.po Output: 0_0_max_out_pangenome.po...
INFO - Poa output: ...Read 4 sequences from MSA file /home/meoke/PycharmProjects/pangtreebuild/output/_05_30__01_21_06/consensus/0_0_max_in_pangenome.po...
*** WARNING: bundling ended prematurely after 1 bundles.
No sequences fit inside this last bundle.
A total of 4 sequences incuding consensus were bundled.

...Wrote 5 sequences to PO file /home/meoke/PycharmProjects/pangtreebuild/output/_05_30__01_21_06/consensus/0_0_max_out_pangenome.po...

INFO - 4 sequences ([seq1, seq3, seq2, seq0] are qualified to be enclosed in this node, mincomp = 0.6111111111111112.
INFO - New consensus node created: ID: 1, parentID: 0, children: [], mincomp: 0.6111111111111112, path length: 18, sequences ids: [seq1, seq3, seq2, seq0].
INFO - ### Getting child 1...
INFO - Run poa! Input: 0_1_all_in_pangenome.po Output: 0_1_all_out_pangenome.po...
INFO - Poa output: ...Read 2 sequences from MSA file /home/meoke/PycharmProjects/pangtreebuild/output/_05_30__01_21_06/consensus/0_1_all_in_pangenome.po...
*** WARNING: bundling ended prematurely after 1 bundles.
No sequences fit inside this last bundle.
A total of 2 sequences incuding consensus were bundled.

...Wrote 3 sequences to PO file /home/meoke/PycharmProjects/pangtreebuild/output/_05_30__01_21_06/consensus/0_1_all_out_pangenome.po...

INFO - Minimum compatibility of sequences chosen for generating the best consensus: 1.0.
INFO - Run poa! Input: 0_1_max_in_pangenome.po Output: 0_1_max_out_pangenome.po...
INFO - Poa output: ...Read 1 sequences from MSA file /home/meoke/PycharmProjects/pangtreebuild/output/_05_30__01_21_06/consensus/0_1_max_in_pangenome.po...
*** WARNING: bundling ended prematurely after 1 bundles.
No sequences fit inside this last bundle.
A total of 1 sequences incuding consensus were bundled.

...Wrote 2 sequences to PO file /home/meoke/PycharmProjects/pangtreebuild/output/_05_30__01_21_06/consensus/0_1_max_out_pangenome.po...

INFO - 2 sequences ([seq5, seq4] are qualified to be enclosed in this node, mincomp = 0.7368421052631579.
INFO - New consensus node created: ID: 2, parentID: 0, children: [], mincomp: 0.7368421052631579, path length: 17, sequences ids: [seq5, seq4].
INFO - Children nodes generated.
INFO - Getting children nodes for consensus node 2...
INFO - ### Getting child 0...
INFO - Run poa! Input: 2_0_all_in_pangenome.po Output: 2_0_all_out_pangenome.po...
INFO - Poa output: ...Read 2 sequences from MSA file /home/meoke/PycharmProjects/pangtreebuild/output/_05_30__01_21_06/consensus/2_0_all_in_pangenome.po...
*** WARNING: bundling ended prematurely after 1 bundles.
No sequences fit inside this last bundle.
A total of 2 sequences incuding consensus were bundled.

...Wrote 3 sequences to PO file /home/meoke/PycharmProjects/pangtreebuild/output/_05_30__01_21_06/consensus/2_0_all_out_pangenome.po...

INFO - Minimum compatibility of sequences chosen for generating the best consensus: 1.0.
INFO - Run poa! Input: 2_0_max_in_pangenome.po Output: 2_0_max_out_pangenome.po...
INFO - Poa output: ...Read 1 sequences from MSA file /home/meoke/PycharmProjects/pangtreebuild/output/_05_30__01_21_06/consensus/2_0_max_in_pangenome.po...
*** WARNING: bundling ended prematurely after 1 bundles.
No sequences fit inside this last bundle.
A total of 1 sequences incuding consensus were bundled.

...Wrote 2 sequences to PO file /home/meoke/PycharmProjects/pangtreebuild/output/_05_30__01_21_06/consensus/2_0_max_out_pangenome.po...

INFO - 1 sequences ([seq5] are qualified to be enclosed in this node, mincomp = 1.0.
INFO - New consensus node created: ID: 3, parentID: 2, children: [], mincomp: 1.0, path length: 17, sequences ids: [seq5].
INFO - ### Getting child 1...
INFO - Run poa! Input: 2_1_all_in_pangenome.po Output: 2_1_all_out_pangenome.po...
INFO - Poa output: ...Read 1 sequences from MSA file /home/meoke/PycharmProjects/pangtreebuild/output/_05_30__01_21_06/consensus/2_1_all_in_pangenome.po...
*** WARNING: bundling ended prematurely after 1 bundles.
No sequences fit inside this last bundle.
A total of 1 sequences incuding consensus were bundled.

...Wrote 2 sequences to PO file /home/meoke/PycharmProjects/pangtreebuild/output/_05_30__01_21_06/consensus/2_1_all_out_pangenome.po...

INFO - Minimum compatibility of sequences chosen for generating the best consensus: 1.0.
INFO - Run poa! Input: 2_1_max_in_pangenome.po Output: 2_1_max_out_pangenome.po...
INFO - Poa output: ...Read 1 sequences from MSA file /home/meoke/PycharmProjects/pangtreebuild/output/_05_30__01_21_06/consensus/2_1_max_in_pangenome.po...
*** WARNING: bundling ended prematurely after 1 bundles.
No sequences fit inside this last bundle.
A total of 1 sequences incuding consensus were bundled.

...Wrote 2 sequences to PO file /home/meoke/PycharmProjects/pangtreebuild/output/_05_30__01_21_06/consensus/2_1_max_out_pangenome.po...

INFO - 1 sequences ([seq4] are qualified to be enclosed in this node, mincomp = 1.0.
INFO - New consensus node created: ID: 4, parentID: 2, children: [], mincomp: 1.0, path length: 19, sequences ids: [seq4].
INFO - Children nodes generated.
INFO - Node 3 satisfied requirements and won't be split!
INFO - Node 4 satisfied requirements and won't be split!
INFO - Getting children nodes for consensus node 1...
INFO - ### Getting child 0...
INFO - Run poa! Input: 1_0_all_in_pangenome.po Output: 1_0_all_out_pangenome.po...
INFO - Poa output: ...Read 4 sequences from MSA file /home/meoke/PycharmProjects/pangtreebuild/output/_05_30__01_21_06/consensus/1_0_all_in_pangenome.po...
*** WARNING: bundling ended prematurely after 1 bundles.
No sequences fit inside this last bundle.
A total of 4 sequences incuding consensus were bundled.

...Wrote 5 sequences to PO file /home/meoke/PycharmProjects/pangtreebuild/output/_05_30__01_21_06/consensus/1_0_all_out_pangenome.po...

INFO - Minimum compatibility of sequences chosen for generating the best consensus: 0.8888888888888888.
INFO - Run poa! Input: 1_0_max_in_pangenome.po Output: 1_0_max_out_pangenome.po...
INFO - Poa output: ...Read 3 sequences from MSA file /home/meoke/PycharmProjects/pangtreebuild/output/_05_30__01_21_06/consensus/1_0_max_in_pangenome.po...
*** WARNING: bundling ended prematurely after 1 bundles.
No sequences fit inside this last bundle.
A total of 3 sequences incuding consensus were bundled.

...Wrote 4 sequences to PO file /home/meoke/PycharmProjects/pangtreebuild/output/_05_30__01_21_06/consensus/1_0_max_out_pangenome.po...

INFO - 3 sequences ([seq1, seq2, seq0] are qualified to be enclosed in this node, mincomp = 0.8888888888888888.
INFO - New consensus node created: ID: 5, parentID: 1, children: [], mincomp: 0.8888888888888888, path length: 18, sequences ids: [seq1, seq2, seq0].
INFO - ### Getting child 1...
INFO - Run poa! Input: 1_1_all_in_pangenome.po Output: 1_1_all_out_pangenome.po...
INFO - Poa output: ...Read 1 sequences from MSA file /home/meoke/PycharmProjects/pangtreebuild/output/_05_30__01_21_06/consensus/1_1_all_in_pangenome.po...
*** WARNING: bundling ended prematurely after 1 bundles.
No sequences fit inside this last bundle.
A total of 1 sequences incuding consensus were bundled.

...Wrote 2 sequences to PO file /home/meoke/PycharmProjects/pangtreebuild/output/_05_30__01_21_06/consensus/1_1_all_out_pangenome.po...

INFO - Minimum compatibility of sequences chosen for generating the best consensus: 1.0.
INFO - Run poa! Input: 1_1_max_in_pangenome.po Output: 1_1_max_out_pangenome.po...
INFO - Poa output: ...Read 1 sequences from MSA file /home/meoke/PycharmProjects/pangtreebuild/output/_05_30__01_21_06/consensus/1_1_max_in_pangenome.po...
*** WARNING: bundling ended prematurely after 1 bundles.
No sequences fit inside this last bundle.
A total of 1 sequences incuding consensus were bundled.

...Wrote 2 sequences to PO file /home/meoke/PycharmProjects/pangtreebuild/output/_05_30__01_21_06/consensus/1_1_max_out_pangenome.po...

INFO - 1 sequences ([seq3] are qualified to be enclosed in this node, mincomp = 1.0.
INFO - New consensus node created: ID: 6, parentID: 1, children: [], mincomp: 1.0, path length: 18, sequences ids: [seq3].
INFO - Children nodes generated.
INFO - Node 6 satisfied requirements and won't be split!
INFO - Getting children nodes for consensus node 5...
INFO - ### Getting child 0...
INFO - Run poa! Input: 5_0_all_in_pangenome.po Output: 5_0_all_out_pangenome.po...
INFO - Poa output: ...Read 3 sequences from MSA file /home/meoke/PycharmProjects/pangtreebuild/output/_05_30__01_21_06/consensus/5_0_all_in_pangenome.po...
*** WARNING: bundling ended prematurely after 1 bundles.
No sequences fit inside this last bundle.
A total of 3 sequences incuding consensus were bundled.

...Wrote 4 sequences to PO file /home/meoke/PycharmProjects/pangtreebuild/output/_05_30__01_21_06/consensus/5_0_all_out_pangenome.po...

INFO - Minimum compatibility of sequences chosen for generating the best consensus: 0.9444444444444444.
INFO - Run poa! Input: 5_0_max_in_pangenome.po Output: 5_0_max_out_pangenome.po...
INFO - Poa output: ...Read 1 sequences from MSA file /home/meoke/PycharmProjects/pangtreebuild/output/_05_30__01_21_06/consensus/5_0_max_in_pangenome.po...
*** WARNING: bundling ended prematurely after 1 bundles.
No sequences fit inside this last bundle.
A total of 1 sequences incuding consensus were bundled.

...Wrote 2 sequences to PO file /home/meoke/PycharmProjects/pangtreebuild/output/_05_30__01_21_06/consensus/5_0_max_out_pangenome.po...

INFO - 1 sequences ([seq0] are qualified to be enclosed in this node, mincomp = 1.0.
INFO - New consensus node created: ID: 7, parentID: 5, children: [], mincomp: 1.0, path length: 18, sequences ids: [seq0].
INFO - ### Getting child 1...
INFO - Run poa! Input: 5_1_all_in_pangenome.po Output: 5_1_all_out_pangenome.po...
INFO - Poa output: ...Read 2 sequences from MSA file /home/meoke/PycharmProjects/pangtreebuild/output/_05_30__01_21_06/consensus/5_1_all_in_pangenome.po...
*** WARNING: bundling ended prematurely after 1 bundles.
No sequences fit inside this last bundle.
A total of 2 sequences incuding consensus were bundled.

...Wrote 3 sequences to PO file /home/meoke/PycharmProjects/pangtreebuild/output/_05_30__01_21_06/consensus/5_1_all_out_pangenome.po...

INFO - Minimum compatibility of sequences chosen for generating the best consensus: 1.0.
INFO - Run poa! Input: 5_1_max_in_pangenome.po Output: 5_1_max_out_pangenome.po...
INFO - Poa output: ...Read 1 sequences from MSA file /home/meoke/PycharmProjects/pangtreebuild/output/_05_30__01_21_06/consensus/5_1_max_in_pangenome.po...
*** WARNING: bundling ended prematurely after 1 bundles.
No sequences fit inside this last bundle.
A total of 1 sequences incuding consensus were bundled.

...Wrote 2 sequences to PO file /home/meoke/PycharmProjects/pangtreebuild/output/_05_30__01_21_06/consensus/5_1_max_out_pangenome.po...

INFO - 1 sequences ([seq1] are qualified to be enclosed in this node, mincomp = 1.0.
INFO - New consensus node created: ID: 8, parentID: 5, children: [], mincomp: 1.0, path length: 18, sequences ids: [seq1].
INFO - ### Getting child 2...
INFO - Run poa! Input: 5_2_all_in_pangenome.po Output: 5_2_all_out_pangenome.po...
INFO - Poa output: ...Read 1 sequences from MSA file /home/meoke/PycharmProjects/pangtreebuild/output/_05_30__01_21_06/consensus/5_2_all_in_pangenome.po...
*** WARNING: bundling ended prematurely after 1 bundles.
No sequences fit inside this last bundle.
A total of 1 sequences incuding consensus were bundled.

...Wrote 2 sequences to PO file /home/meoke/PycharmProjects/pangtreebuild/output/_05_30__01_21_06/consensus/5_2_all_out_pangenome.po...

INFO - Minimum compatibility of sequences chosen for generating the best consensus: 1.0.
INFO - Run poa! Input: 5_2_max_in_pangenome.po Output: 5_2_max_out_pangenome.po...
INFO - Poa output: ...Read 1 sequences from MSA file /home/meoke/PycharmProjects/pangtreebuild/output/_05_30__01_21_06/consensus/5_2_max_in_pangenome.po...
*** WARNING: bundling ended prematurely after 1 bundles.
No sequences fit inside this last bundle.
A total of 1 sequences incuding consensus were bundled.

...Wrote 2 sequences to PO file /home/meoke/PycharmProjects/pangtreebuild/output/_05_30__01_21_06/consensus/5_2_max_out_pangenome.po...

INFO - 1 sequences ([seq2] are qualified to be enclosed in this node, mincomp = 1.0.
INFO - New consensus node created: ID: 9, parentID: 5, children: [], mincomp: 1.0, path length: 19, sequences ids: [seq2].
INFO - Children nodes generated.
INFO - Node 7 satisfied requirements and won't be split!
INFO - Node 8 satisfied requirements and won't be split!
INFO - Node 9 satisfied requirements and won't be split!
INFO - Consensuses Tree generation finished.

